<?xml version="1.0" encoding="UTF-8"?>
<!-- Generated by org.testng.reporters.JUnitXMLReporter -->
<testsuite ignored="0" hostname="LAPTOP-TQMLEHCQ" failures="1" tests="4" name="Test" time="9.226" errors="0" timestamp="19 Jun 2023 16:04:17 GMT">
  <testcase classname="api.test.UserTests" name="testPostUser" time="3.451"/>
  <testcase classname="api.test.UserTests" name="getuserdetails" time="1.236"/>
  <testcase classname="api.test.UserTests" name="testUpdateUser" time="2.478"/>
  <testcase classname="api.test.UserTests" name="deleteuserbyusername" time="1.432">
    <failure type="java.lang.AssertionError" message="expected [200] but found [405]">
      <![CDATA[java.lang.AssertionError: expected [200] but found [405]
at api.test.UserTests.deleteuserbyusername(UserTests.java:78)
... Removed 31 stack frames]]>
    </failure>
  </testcase> <!-- deleteuserbyusername -->
</testsuite> <!-- Test -->
