<?xml version="1.0" encoding="UTF-8"?>
<!-- Generated by org.testng.reporters.JUnitXMLReporter -->
<testsuite ignored="0" hostname="LAPTOP-TQMLEHCQ" failures="0" tests="4" name="Test" time="14.528" errors="0" timestamp="27 Jun 2023 18:25:12 GMT">
  <testcase classname="api.test.UserTests" name="testPostUser" time="4.012"/>
  <testcase classname="api.test.UserTests" name="getuserdetails" time="1.921"/>
  <testcase classname="api.test.UserTests" name="testUpdateUser" time="5.217"/>
  <testcase classname="api.test.UserTests" name="deleteuserbyusername" time="2.851"/>
</testsuite> <!-- Test -->
