<?xml version="1.0" encoding="UTF-8"?>
<!-- Generated by org.testng.reporters.JUnitXMLReporter -->
<testsuite ignored="0" hostname="LAPTOP-TQMLEHCQ" failures="1" tests="4" name="Test" time="8.783" errors="0" timestamp="21 Jun 2023 15:51:25 GMT">
  <testcase classname="api.test.UserTests" name="testPostUser" time="3.095"/>
  <testcase classname="api.test.UserTests" name="getuserdetails" time="1.25"/>
  <testcase classname="api.test.UserTests" name="testUpdateUser" time="2.411"/>
  <testcase classname="api.test.UserTests" name="deleteuserbyusername" time="1.518">
    <failure type="java.lang.AssertionError" message="expected [200] but found [405]">
      <![CDATA[java.lang.AssertionError: expected [200] but found [405]
at api.test.UserTests.deleteuserbyusername(UserTests.java:78)
... Removed 33 stack frames]]>
    </failure>
  </testcase> <!-- deleteuserbyusername -->
</testsuite> <!-- Test -->
