<?xml version="1.0" encoding="UTF-8"?>
<testsuite xmlns:xsi="http://www.w3.org/2001/XMLSchema-instance" xsi:noNamespaceSchemaLocation="https://maven.apache.org/surefire/maven-surefire-plugin/xsd/surefire-test-report-3.0.xsd" version="3.0" name="TestSuite" time="16.138" tests="4" errors="0" skipped="0" failures="0">
  <properties>
[...]
</properties>
  <testcase name="testPostUser" classname="api.test.UserTests" time="4.038">
    <system-out><![CDATA[[TestNGContentHandler] [WARN] It is strongly recommended to add "<!DOCTYPE suite SYSTEM "http://testng.org/testng-1.0.dtd" >" at the top of your file, otherwise TestNG may fail or not work as expected.
HTTP/1.1 200 OK
Date: Tue, 27 Jun 2023 18:24:59 GMT
Content-Type: application/json
Transfer-Encoding: chunked
Connection: keep-alive
Access-Control-Allow-Origin: *
Access-Control-Allow-Methods: GET, POST, DELETE, PUT
Access-Control-Allow-Headers: Content-Type, api_key, Authorization
Server: Jetty(9.2.9.v20150224)

{
    "code": 200,
    "type": "unknown",
    "message": "1153933106"
}
]]></system-out>
  </testcase>
  <testcase name="getuserdetails" classname="api.test.UserTests" time="1.906">
    <system-out><![CDATA[HTTP/1.1 200 OK
Date: Tue, 27 Jun 2023 18:25:01 GMT
Content-Type: application/json
Transfer-Encoding: chunked
Connection: keep-alive
Access-Control-Allow-Origin: *
Access-Control-Allow-Methods: GET, POST, DELETE, PUT
Access-Control-Allow-Headers: Content-Type, api_key, Authorization
Server: Jetty(9.2.9.v20150224)

{
    "id": 1153933106,
    "username": "irene.walker",
    "firstName": "Marva",
    "lastName": "Bahringer",
    "email": "pierre.mann@example.com",
    "password": "jbh8jt",
    "phone": "818-745-0208",
    "userStatus": 0
}
]]></system-out>
  </testcase>
  <testcase name="testUpdateUser" classname="api.test.UserTests" time="5.226">
    <system-out><![CDATA[HTTP/1.1 200 OK
Date: Tue, 27 Jun 2023 18:25:04 GMT
Content-Type: application/json
Transfer-Encoding: chunked
Connection: keep-alive
Access-Control-Allow-Origin: *
Access-Control-Allow-Methods: GET, POST, DELETE, PUT
Access-Control-Allow-Headers: Content-Type, api_key, Authorization
Server: Jetty(9.2.9.v20150224)

{
    "code": 200,
    "type": "unknown",
    "message": "1153933106"
}
HTTP/1.1 200 OK
Date: Tue, 27 Jun 2023 18:25:06 GMT
Content-Type: application/json
Transfer-Encoding: chunked
Connection: keep-alive
Access-Control-Allow-Origin: *
Access-Control-Allow-Methods: GET, POST, DELETE, PUT
Access-Control-Allow-Headers: Content-Type, api_key, Authorization
Server: Jetty(9.2.9.v20150224)

{
    "id": 1153933106,
    "username": "irene.walker",
    "firstName": "Logan",
    "lastName": "Morar",
    "email": "aleida.simonis@example.com",
    "password": "jbh8jt",
    "phone": "818-745-0208",
    "userStatus": 0
}
]]></system-out>
  </testcase>
  <testcase name="deleteuserbyusername" classname="api.test.UserTests" time="2.849">
    <system-out><![CDATA[HTTP/1.1 405 Not Allowed
Date: Tue, 27 Jun 2023 18:25:08 GMT
Content-Type: text/html
Content-Length: 150
Connection: keep-alive
Server: nginx
Access-Control-Allow-Origin: *
Access-Control-Allow-Methods: GET, POST, OPTIONS
Access-Control-Allow-Headers: DNT,X-CustomHeader,Keep-Alive,User-Agent,X-Requested-With,If-Modified-Since,Cache-Control,Content-Type

<html>
  <head>
    <title>405 Not Allowed</title>
  </head>
  <body>
    <center>
      <h1>405 Not Allowed</h1>
    </center>
    <hr/>
    <center>nginx</center>
  </body>
</html>
]]></system-out>
  </testcase>
</testsuite>