<?xml version="1.0" encoding="UTF-8"?>
<testng-results ignored="0" total="4" passed="4" failed="0" skipped="0">
  <reporter-output>
  </reporter-output>
  <suite started-at="2023-06-27T18:24:57Z" name="Suite" finished-at="2023-06-27T18:25:12Z" duration-ms="14528">
    <groups>
    </groups>
    <test started-at="2023-06-27T18:24:57Z" name="Test" finished-at="2023-06-27T18:25:12Z" duration-ms="14528">
      <class name="api.test.UserTests">
        <test-method is-config="true" signature="setupData()[pri:0, instance:api.test.UserTests@132e0cc]" started-at="2023-06-27T18:24:58Z" name="setupData" finished-at="2023-06-27T18:24:58Z" duration-ms="218" status="PASS">
          <reporter-output>
          </reporter-output>
        </test-method> <!-- setupData -->
        <test-method signature="testPostUser()[pri:1, instance:api.test.UserTests@132e0cc]" started-at="2023-06-27T18:24:58Z" name="testPostUser" finished-at="2023-06-27T18:25:02Z" duration-ms="4012" status="PASS">
          <reporter-output>
          </reporter-output>
        </test-method> <!-- testPostUser -->
        <test-method signature="getuserdetails()[pri:2, instance:api.test.UserTests@132e0cc]" started-at="2023-06-27T18:25:02Z" name="getuserdetails" finished-at="2023-06-27T18:25:04Z" duration-ms="1921" status="PASS">
          <reporter-output>
          </reporter-output>
        </test-method> <!-- getuserdetails -->
        <test-method signature="testUpdateUser()[pri:3, instance:api.test.UserTests@132e0cc]" started-at="2023-06-27T18:25:04Z" name="testUpdateUser" finished-at="2023-06-27T18:25:09Z" duration-ms="5217" status="PASS">
          <reporter-output>
          </reporter-output>
        </test-method> <!-- testUpdateUser -->
        <test-method signature="deleteuserbyusername()[pri:4, instance:api.test.UserTests@132e0cc]" started-at="2023-06-27T18:25:09Z" name="deleteuserbyusername" finished-at="2023-06-27T18:25:12Z" duration-ms="2851" status="PASS">
          <reporter-output>
          </reporter-output>
        </test-method> <!-- deleteuserbyusername -->
      </class> <!-- api.test.UserTests -->
    </test> <!-- Test -->
  </suite> <!-- Suite -->
</testng-results>
